Results of markdownlint linter (version 0.28.1)
See documentation on https://nvuillam.github.io/mega-linter/descriptors/markdown_markdownlint/
-----------------------------------------------

❌ [ERROR] for workspace /tmp/lint
Linter raw log:
/tmp/lint/.community/CHANGELOG.md:1 MD041/first-line-heading/first-line-h1 First line in a file should be a top-level heading [Context: "See Releases --> <https://gith..."]
/tmp/lint/.community/CONTRIBUTING.md:1 MD041/first-line-heading/first-line-h1 First line in a file should be a top-level heading [Context: "## Contributing"]
/tmp/lint/.community/LICENSES/GNUv3.ja.md:1 MD041/first-line-heading/first-line-h1 First line in a file should be a top-level heading [Context: "### GNU 一般公衆利用許諾書（GNU GENERAL ..."]
/tmp/lint/.community/LICENSES/GNUv3.md:10 MD003/heading-style/header-style Heading style [Expected: setext; Actual: atx]
/tmp/lint/.community/LICENSES/GNUv3.md:66 MD003/heading-style/header-style Heading style [Expected: setext; Actual: atx]
/tmp/lint/.community/LICENSES/GNUv3.md:68 MD003/heading-style/header-style Heading style [Expected: setext; Actual: atx]
/tmp/lint/.community/LICENSES/GNUv3.md:105 MD003/heading-style/header-style Heading style [Expected: setext; Actual: atx]
/tmp/lint/.community/LICENSES/GNUv3.md:142 MD003/heading-style/header-style Heading style [Expected: setext; Actual: atx]
/tmp/lint/.community/LICENSES/GNUv3.md:164 MD003/heading-style/header-style Heading style [Expected: setext; Actual: atx]
/tmp/lint/.community/LICENSES/GNUv3.md:178 MD003/heading-style/header-style Heading style [Expected: setext; Actual: atx]
/tmp/lint/.community/LICENSES/GNUv3.md:190 MD003/heading-style/header-style Heading style [Expected: setext; Actual: atx]
/tmp/lint/.community/LICENSES/GNUv3.md:219 MD003/heading-style/header-style Heading style [Expected: setext; Actual: atx]
/tmp/lint/.community/LICENSES/GNUv3.md:299 MD003/heading-style/header-style Heading style [Expected: setext; Actual: atx]
/tmp/lint/.community/LICENSES/GNUv3.md:353 MD003/heading-style/header-style Heading style [Expected: setext; Actual: atx]
/tmp/lint/.community/LICENSES/GNUv3.md:377 MD003/heading-style/header-style Heading style [Expected: setext; Actual: atx]
/tmp/lint/.community/LICENSES/GNUv3.md:387 MD003/heading-style/header-style Heading style [Expected: setext; Actual: atx]
/tmp/lint/.community/LICENSES/GNUv3.md:410 MD003/heading-style/header-style Heading style [Expected: setext; Actual: atx]
/tmp/lint/.community/LICENSES/GNUv3.md:471 MD003/heading-style/header-style Heading style [Expected: setext; Actual: atx]
/tmp/lint/.community/LICENSES/GNUv3.md:482 MD003/heading-style/header-style Heading style [Expected: setext; Actual: atx]
/tmp/lint/.community/LICENSES/GNUv3.md:491 MD003/heading-style/header-style Heading style [Expected: setext; Actual: atx]
/tmp/lint/.community/LICENSES/GNUv3.md:513 MD003/heading-style/header-style Heading style [Expected: setext; Actual: atx]
/tmp/lint/.community/LICENSES/GNUv3.md:523 MD003/heading-style/header-style Heading style [Expected: setext; Actual: atx]
/tmp/lint/.community/LICENSES/GNUv3.md:534 MD003/heading-style/header-style Heading style [Expected: setext; Actual: atx]
/tmp/lint/.community/LICENSES/GNUv3.md:544 MD003/heading-style/header-style Heading style [Expected: setext; Actual: atx]
/tmp/lint/.community/LICENSES/README.md:1 MD041/first-line-heading/first-line-h1 First line in a file should be a top-level heading [Context: "## LICENSES"]
/tmp/lint/.community/SECURITY.ja.md:39 MD040/fenced-code-language Fenced code blocks should have a language specified [Context: "```"]
/tmp/lint/.community/SECURITY.md:36 MD040/fenced-code-language Fenced code blocks should have a language specified [Context: "```"]
/tmp/lint/skins/assets/fcg/README.md:1 MD041/first-line-heading/first-line-h1 First line in a file should be a top-level heading [Context: "このファイル内にある画像は、ライセンスやREADMEの関係で..."]
/tmp/lint/skins/assets/hcg/README.md:1 MD041/first-line-heading/first-line-h1 First line in a file should be a top-level heading [Context: "このファイル内にある画像は、ライセンスにより、ソフトウェアの..."]
/tmp/lint/skins/assets/hcg/README.md:3 MD045/no-alt-text Images should have alternate text (alt text)
/tmp/lint/skins/assets/hcg/README.md:4 MD045/no-alt-text Images should have alternate text (alt text)
/tmp/lint/skins/assets/hcg/README.md:5 MD045/no-alt-text Images should have alternate text (alt text)
/tmp/lint/skins/assets/hcg/README.md:6 MD045/no-alt-text Images should have alternate text (alt text)
/tmp/lint/skins/assets/hcg/README.md:7 MD045/no-alt-text Images should have alternate text (alt text)
/tmp/lint/skins/assets/hcg/README.md:8 MD045/no-alt-text Images should have alternate text (alt text)
/tmp/lint/skins/assets/hcg/README.md:9 MD045/no-alt-text Images should have alternate text (alt text)
/tmp/lint/skins/assets/hcg/README.md:10 MD045/no-alt-text Images should have alternate text (alt text)
/tmp/lint/skins/assets/mcg/README.md:1 MD041/first-line-heading/first-line-h1 First line in a file should be a top-level heading [Context: "MCGを実装するにあたって新しく作成されたスキンです。特に記..."]

