Results of standard linter (version 15.0.1)
See documentation on https://nvuillam.github.io/mega-linter/descriptors/javascript_standard/
-----------------------------------------------

❌ [ERROR] main.js - FIXED
    standard: Use JavaScript Standard Style (https://standardjs.com)
      main.js:2:57: 'globalShortcut' is assigned a value but never used.
      main.js:139:10: 'showNotification' is defined but never used.

✅ [SUCCESS] plugin/MultiCommentViewer/index.js
❌ [ERROR] plugin/NavigatorOnLine/index.js - FIXED
    standard: Use JavaScript Standard Style (https://standardjs.com)
      plugin/NavigatorOnLine/index.js:13:32: Use path.join() or path.resolve() instead of string concatenation.

❌ [ERROR] plugin/NavigatorOnLine/renderer.js - FIXED
    standard: Use JavaScript Standard Style (https://standardjs.com)
      plugin/NavigatorOnLine/renderer.js:2:7: 'Notification' is not defined.
      plugin/NavigatorOnLine/renderer.js:17:3: Do not use 'new' for side effects.
      plugin/NavigatorOnLine/renderer.js:17:7: 'Notification' is not defined.
      plugin/NavigatorOnLine/renderer.js:24:3: Do not use 'new' for side effects.
      plugin/NavigatorOnLine/renderer.js:24:7: 'Notification' is not defined.

✅ [SUCCESS] plugin/index.js
❌ [ERROR] skins/build/fcg/src/playwright.js
    standard: Use JavaScript Standard Style (https://standardjs.com)
      skins/build/fcg/src/playwright.js:15:9: 'rondomurl' is already defined.
      skins/build/fcg/src/playwright.js:16:9: 'rondomnumber' is already defined.
      skins/build/fcg/src/playwright.js:19:9: 'rondomurl' is already defined.
      skins/build/fcg/src/playwright.js:20:9: 'rondomnumber' is already defined.
      skins/build/fcg/src/playwright.js:52:25: Use path.join() or path.resolve() instead of string concatenation.

✅ [SUCCESS] theme/mcg/main.js - FIXED
✅ [SUCCESS] theme/mcg/renderer.js - FIXED
✅ [SUCCESS] theme/simple/preload.js
✅ [SUCCESS] theme/simple/renderer.js - FIXED
